internal/modules/cjs/loader.js:818
  throw err;
  ^

Error: Cannot find module '/root/reporting/index.js'
    at Function.Module._resolveFilename (internal/modules/cjs/loader.js:815:15)
    at Function.Module._load (internal/modules/cjs/loader.js:667:27)
    at Function.executeUserEntryPoint [as runMain] (internal/modules/run_main.js:60:12)
    at internal/main/run_main_module.js:17:47 {
  code: 'MODULE_NOT_FOUND',
  requireStack: []
}
Error: ENOENT: no such file or directory, stat '/root/reporting/build/index.html'
Error: ENOENT: no such file or directory, stat '/root/reporting/build/index.html'
Error: ENOENT: no such file or directory, stat '/root/reporting/build/index.html'
Error: ENOENT: no such file or directory, stat '/root/reporting/build/index.html'
Error: ENOENT: no such file or directory, stat '/root/reporting/build/index.html'
Error: ENOENT: no such file or directory, stat '/root/reporting/build/index.html'
Error: ENOENT: no such file or directory, stat '/root/reporting/build/index.html'
Error: ENOENT: no such file or directory, stat '/root/reporting/build/index.html'
Error: ENOENT: no such file or directory, stat '/root/reporting/build/index.html'
Error: ENOENT: no such file or directory, stat '/root/reporting/build/index.html'
Error: ENOENT: no such file or directory, stat '/root/reporting/build/index.html'
Error: ENOENT: no such file or directory, stat '/root/reporting/build/index.html'
Error: ENOENT: no such file or directory, stat '/root/reporting/build/index.html'
Error: ENOENT: no such file or directory, stat '/root/reporting/build/index.html'
Error: ENOENT: no such file or directory, stat '/root/reporting/build/index.html'
Error: ENOENT: no such file or directory, stat '/root/reporting/build/index.html'
Error: ENOENT: no such file or directory, stat '/root/reporting/build/index.html'
Error: ENOENT: no such file or directory, stat '/root/reporting/build/index.html'
Error: ENOENT: no such file or directory, stat '/root/reporting/build/index.html'
Error: ENOENT: no such file or directory, stat '/root/reporting/build/index.html'
Error: ENOENT: no such file or directory, stat '/root/reporting/build/index.html'
Error: ENOENT: no such file or directory, stat '/root/reporting/build/index.html'
Error: ENOENT: no such file or directory, stat '/root/reporting/build/index.html'
